<?xml version="1.0" encoding="UTF-8"?>
<testng-results ignored="0" total="4" passed="4" failed="0" skipped="0">
  <reporter-output>
  </reporter-output>
  <suite started-at="2022-12-27T16:01:07 IST" name="Default suite" finished-at="2022-12-27T16:03:49 IST" duration-ms="162128">
    <groups>
    </groups>
    <test started-at="2022-12-27T16:01:07 IST" name="Default test" finished-at="2022-12-27T16:03:49 IST" duration-ms="162128">
      <class name="Xshore.App">
        <test-method is-config="true" signature="setup()[pri:0, instance:Xshore.App@3b6ddd1d]" started-at="2022-12-27T16:01:07 IST" name="setup" finished-at="2022-12-27T16:01:48 IST" duration-ms="41175" status="PASS">
          <reporter-output>
          </reporter-output>
        </test-method> <!-- setup -->
        <test-method signature="Openwebsite()[pri:1, instance:Xshore.App@3b6ddd1d]" started-at="2022-12-27T16:01:48 IST" name="Openwebsite" finished-at="2022-12-27T16:01:50 IST" duration-ms="2167" status="PASS">
          <reporter-output>
          </reporter-output>
        </test-method> <!-- Openwebsite -->
        <test-method signature="eelex8000()[pri:2, instance:Xshore.App@3b6ddd1d]" started-at="2022-12-27T16:01:50 IST" name="eelex8000" finished-at="2022-12-27T16:02:31 IST" duration-ms="41168" status="PASS">
          <reporter-output>
          </reporter-output>
        </test-method> <!-- eelex8000 -->
        <test-method signature="SeaTrialandDesignOrder()[pri:3, instance:Xshore.App@3b6ddd1d]" started-at="2022-12-27T16:02:31 IST" name="SeaTrialandDesignOrder" finished-at="2022-12-27T16:03:25 IST" duration-ms="54308" status="PASS">
          <reporter-output>
          </reporter-output>
        </test-method> <!-- SeaTrialandDesignOrder -->
        <test-method signature="Technology()[pri:4, instance:Xshore.App@3b6ddd1d]" started-at="2022-12-27T16:03:25 IST" name="Technology" finished-at="2022-12-27T16:03:49 IST" duration-ms="23228" status="PASS">
          <reporter-output>
          </reporter-output>
        </test-method> <!-- Technology -->
      </class> <!-- Xshore.App -->
    </test> <!-- Default test -->
  </suite> <!-- Default suite -->
</testng-results>
