<?xml version="1.0" encoding="UTF-8"?>
<!-- Generated by org.testng.reporters.JUnitXMLReporter -->
<testsuite ignored="0" hostname="DESKTOP-OMV2D25" failures="0" tests="4" name="Default test" time="162.128" errors="0" timestamp="2022-12-27T16:03:49 IST">
  <testcase classname="Xshore.App" name="Openwebsite" time="2.167"/>
  <testcase classname="Xshore.App" name="eelex8000" time="41.168"/>
  <testcase classname="Xshore.App" name="SeaTrialandDesignOrder" time="54.308"/>
  <testcase classname="Xshore.App" name="Technology" time="23.228"/>
</testsuite> <!-- Default test -->
